# JRE version: Java(TM) SE Runtime Environment (8.0_144-b01) (build 1.8.0_144-b01)
# Java VM: Java HotSpot(TM) 64-Bit Server VM (25.144-b01 mixed mode windows-amd64 compressed oops)
Heap:
 PSYoungGen      total 242688K, used 205392K [0x00000000d7200000, 0x00000000eee80000, 0x0000000100000000)
  eden space 215552K, 95% used [0x00000000d7200000,0x00000000e3a94210,0x00000000e4480000)
  from space 27136K, 0% used [0x00000000e4480000,0x00000000e4480000,0x00000000e5f00000)
  to   space 27136K, 0% used [0x00000000ed400000,0x00000000ed400000,0x00000000eee80000)
 ParOldGen       total 88064K, used 25078K [0x0000000085600000, 0x000000008ac00000, 0x00000000d7200000)
  object space 88064K, 28% used [0x0000000085600000,0x0000000086e7da70,0x000000008ac00000)
 Metaspace       used 45767K, capacity 46644K, committed 46976K, reserved 1089536K
  class space    used 5728K, capacity 5978K, committed 6016K, reserved 1048576K
GC Heap History (10 events):
Event: 11.395 GC heap before
{Heap before GC invocations=11 (full 1):
 PSYoungGen      total 107008K, used 106990K [0x00000000d7200000, 0x00000000e2080000, 0x0000000100000000)
  eden space 93184K, 100% used [0x00000000d7200000,0x00000000dcd00000,0x00000000dcd00000)
  from space 13824K, 99% used [0x00000000dcd00000,0x00000000dda7ba70,0x00000000dda80000)
  to   space 17408K, 0% used [0x00000000e0f80000,0x00000000e0f80000,0x00000000e2080000)
 ParOldGen       total 64000K, used 22730K [0x0000000085600000, 0x0000000089480000, 0x00000000d7200000)
  object space 64000K, 35% used [0x0000000085600000,0x0000000086c32b90,0x0000000089480000)
 Metaspace       used 23038K, capacity 23610K, committed 23680K, reserved 1071104K
  class space    used 2739K, capacity 2931K, committed 2944K, reserved 1048576K
Event: 11.428 GC heap after
Heap after GC invocations=11 (full 1):
 PSYoungGen      total 157184K, used 17379K [0x00000000d7200000, 0x00000000e2900000, 0x0000000100000000)
  eden space 139776K, 0% used [0x00000000d7200000,0x00000000d7200000,0x00000000dfa80000)
  from space 17408K, 99% used [0x00000000e0f80000,0x00000000e2078d28,0x00000000e2080000)
  to   space 21504K, 0% used [0x00000000dfa80000,0x00000000dfa80000,0x00000000e0f80000)
 ParOldGen       total 64000K, used 27342K [0x0000000085600000, 0x0000000089480000, 0x00000000d7200000)
  object space 64000K, 42% used [0x0000000085600000,0x00000000870b3ab0,0x0000000089480000)
 Metaspace       used 23038K, capacity 23610K, committed 23680K, reserved 1071104K
  class space    used 2739K, capacity 2931K, committed 2944K, reserved 1048576K
}
Event: 11.995 GC heap before
{Heap before GC invocations=12 (full 1):
 PSYoungGen      total 157184K, used 157155K [0x00000000d7200000, 0x00000000e2900000, 0x0000000100000000)
  eden space 139776K, 100% used [0x00000000d7200000,0x00000000dfa80000,0x00000000dfa80000)
  from space 17408K, 99% used [0x00000000e0f80000,0x00000000e2078d28,0x00000000e2080000)
  to   space 21504K, 0% used [0x00000000dfa80000,0x00000000dfa80000,0x00000000e0f80000)
 ParOldGen       total 64000K, used 27342K [0x0000000085600000, 0x0000000089480000, 0x00000000d7200000)
  object space 64000K, 42% used [0x0000000085600000,0x00000000870b3ab0,0x0000000089480000)
 Metaspace       used 23053K, capacity 23614K, committed 23680K, reserved 1071104K
  class space    used 2740K, capacity 2931K, committed 2944K, reserved 1048576K
Event: 12.040 GC heap after
Heap after GC invocations=12 (full 1):
 PSYoungGen      total 161280K, used 21499K [0x00000000d7200000, 0x00000000e7880000, 0x0000000100000000)
  eden space 139776K, 0% used [0x00000000d7200000,0x00000000d7200000,0x00000000dfa80000)
  from space 21504K, 99% used [0x00000000dfa80000,0x00000000e0f7ec20,0x00000000e0f80000)
  to   space 26112K, 0% used [0x00000000e5f00000,0x00000000e5f00000,0x00000000e7880000)
 ParOldGen       total 64000K, used 31683K [0x0000000085600000, 0x0000000089480000, 0x00000000d7200000)
  object space 64000K, 49% used [0x0000000085600000,0x00000000874f0d10,0x0000000089480000)
 Metaspace       used 23053K, capacity 23614K, committed 23680K, reserved 1071104K
  class space    used 2740K, capacity 2931K, committed 2944K, reserved 1048576K
}
Event: 13.115 GC heap before
{Heap before GC invocations=13 (full 1):
 PSYoungGen      total 161280K, used 161275K [0x00000000d7200000, 0x00000000e7880000, 0x0000000100000000)
  eden space 139776K, 100% used [0x00000000d7200000,0x00000000dfa80000,0x00000000dfa80000)
  from space 21504K, 99% used [0x00000000dfa80000,0x00000000e0f7ec20,0x00000000e0f80000)
  to   space 26112K, 0% used [0x00000000e5f00000,0x00000000e5f00000,0x00000000e7880000)
 ParOldGen       total 64000K, used 31683K [0x0000000085600000, 0x0000000089480000, 0x00000000d7200000)
  object space 64000K, 49% used [0x0000000085600000,0x00000000874f0d10,0x0000000089480000)
 Metaspace       used 31710K, capacity 32474K, committed 32768K, reserved 1077248K
  class space    used 3846K, capacity 4061K, committed 4096K, reserved 1048576K
Event: 13.162 GC heap after
Heap after GC invocations=13 (full 1):
 PSYoungGen      total 241664K, used 18730K [0x00000000d7200000, 0x00000000e7a00000, 0x0000000100000000)
  eden space 215552K, 0% used [0x00000000d7200000,0x00000000d7200000,0x00000000e4480000)
  from space 26112K, 71% used [0x00000000e5f00000,0x00000000e714a8d0,0x00000000e7880000)
  to   space 27136K, 0% used [0x00000000e4480000,0x00000000e4480000,0x00000000e5f00000)
 ParOldGen       total 64000K, used 33938K [0x0000000085600000, 0x0000000089480000, 0x00000000d7200000)
  object space 64000K, 53% used [0x0000000085600000,0x0000000087724be0,0x0000000089480000)
 Metaspace       used 31710K, capacity 32474K, committed 32768K, reserved 1077248K
  class space    used 3846K, capacity 4061K, committed 4096K, reserved 1048576K
}
Event: 13.503 GC heap before
{Heap before GC invocations=14 (full 1):
 PSYoungGen      total 241664K, used 73462K [0x00000000d7200000, 0x00000000e7a00000, 0x0000000100000000)
  eden space 215552K, 25% used [0x00000000d7200000,0x00000000da773290,0x00000000e4480000)
  from space 26112K, 71% used [0x00000000e5f00000,0x00000000e714a8d0,0x00000000e7880000)
  to   space 27136K, 0% used [0x00000000e4480000,0x00000000e4480000,0x00000000e5f00000)
 ParOldGen       total 64000K, used 33938K [0x0000000085600000, 0x0000000089480000, 0x00000000d7200000)
  object space 64000K, 53% used [0x0000000085600000,0x0000000087724be0,0x0000000089480000)
 Metaspace       used 34487K, capacity 35276K, committed 35496K, reserved 1081344K
  class space    used 4292K, capacity 4520K, committed 4608K, reserved 1048576K
Event: 13.549 GC heap after
Heap after GC invocations=14 (full 1):
 PSYoungGen      total 242688K, used 3183K [0x00000000d7200000, 0x00000000eee80000, 0x0000000100000000)
  eden space 215552K, 0% used [0x00000000d7200000,0x00000000d7200000,0x00000000e4480000)
  from space 27136K, 11% used [0x00000000e4480000,0x00000000e479bc28,0x00000000e5f00000)
  to   space 27136K, 0% used [0x00000000ed400000,0x00000000ed400000,0x00000000eee80000)
 ParOldGen       total 64000K, used 40486K [0x0000000085600000, 0x0000000089480000, 0x00000000d7200000)
  object space 64000K, 63% used [0x0000000085600000,0x0000000087d89988,0x0000000089480000)
 Metaspace       used 34487K, capacity 35276K, committed 35496K, reserved 1081344K
  class space    used 4292K, capacity 4520K, committed 4608K, reserved 1048576K
}
Event: 13.549 GC heap before
{Heap before GC invocations=15 (full 2):
 PSYoungGen      total 242688K, used 3183K [0x00000000d7200000, 0x00000000eee80000, 0x0000000100000000)
  eden space 215552K, 0% used [0x00000000d7200000,0x00000000d7200000,0x00000000e4480000)
  from space 27136K, 11% used [0x00000000e4480000,0x00000000e479bc28,0x00000000e5f00000)
  to   space 27136K, 0% used [0x00000000ed400000,0x00000000ed400000,0x00000000eee80000)
 ParOldGen       total 64000K, used 40486K [0x0000000085600000, 0x0000000089480000, 0x00000000d7200000)
  object space 64000K, 63% used [0x0000000085600000,0x0000000087d89988,0x0000000089480000)
 Metaspace       used 34487K, capacity 35276K, committed 35496K, reserved 1081344K
  class space    used 4292K, capacity 4520K, committed 4608K, reserved 1048576K
Event: 13.721 GC heap after
Heap after GC invocations=15 (full 2):
 PSYoungGen      total 242688K, used 0K [0x00000000d7200000, 0x00000000eee80000, 0x0000000100000000)
  eden space 215552K, 0% used [0x00000000d7200000,0x00000000d7200000,0x00000000e4480000)
  from space 27136K, 0% used [0x00000000e4480000,0x00000000e4480000,0x00000000e5f00000)
  to   space 27136K, 0% used [0x00000000ed400000,0x00000000ed400000,0x00000000eee80000)
 ParOldGen       total 88064K, used 25078K [0x0000000085600000, 0x000000008ac00000, 0x00000000d7200000)
  object space 88064K, 28% used [0x0000000085600000,0x0000000086e7da70,0x000000008ac00000)
 Metaspace       used 34487K, capacity 35276K, committed 35496K, reserved 1081344K
  class space    used 4292K, capacity 4520K, committed 4608K, reserved 1048576K
}

